<?xml version="1.0" encoding="UTF-8"?>
<testsuites name="Mocha Tests" time="17.173" tests="6" failures="1">
  <testsuite name="Root Suite" timestamp="2020-11-04T15:13:05" tests="0" file="features/2_CALC-632.feature" failures="0" time="0">
  </testsuite>
  <testsuite name="As a user, I can login the application" timestamp="2020-11-04T15:13:05" tests="6" failures="1" time="17.173">
    <testcase name="As a user, I can login the application Valid Login" time="2.174" classname="Valid Login">
    </testcase>
    <testcase name="As a user, I can login the application Invalid Login" time="1.598" classname="Invalid Login">
    </testcase>
    <testcase name="As a user, I can login the application Login With Invalid Credentials Should Fail (example #1)" time="1.747" classname="Login With Invalid Credentials Should Fail (example #1)">
    </testcase>
    <testcase name="As a user, I can login the application Login With Invalid Credentials Should Fail (example #2)" time="1.579" classname="Login With Invalid Credentials Should Fail (example #2)">
    </testcase>
    <testcase name="As a user, I can login the application Login With Invalid Credentials Should Fail (example #3)" time="10.075" classname="Login With Invalid Credentials Should Fail (example #3)">
    </testcase>
    <testcase name="As a user, I can login the application Login With Invalid Credentials Should Fail (example #4)" time="0" classname="Login With Invalid Credentials Should Fail (example #4)">
      <failure message="Timed out retrying: expected &apos;&lt;h1&gt;&apos; to have text &apos;Error Page&apos;, but the text was &apos;Welcome Page&apos;" type="AssertionError"><![CDATA[AssertionError: Timed out retrying: expected '<h1>' to have text 'Error Page', but the text was 'Welcome Page'
    at Object.toBeUnsuccessful (https://robotwebdemo.herokuapp.com/__cypress/tests?p=features/2_CALC-632.feature:134:33)
    at Context.eval (https://robotwebdemo.herokuapp.com/__cypress/tests?p=features/2_CALC-632.feature:26:41)
    at Context.resolveAndRunStepDefinition (https://robotwebdemo.herokuapp.com/__cypress/tests?p=features/2_CALC-632.feature:10674:9)
    at Context.eval (https://robotwebdemo.herokuapp.com/__cypress/tests?p=features/2_CALC-632.feature:10015:35)]]></failure>
    </testcase>
  </testsuite>
</testsuites>